<?xml version="1.0" encoding="UTF-8"?>
<!-- Generated by org.testng.reporters.JUnitReportReporter -->
<testsuite hostname="ATMECSINDT-083" failures="0" tests="1" name="com.atmecs.flightbooking.AutomateFlightBooking.FlightBooking" time="41.419" errors="0" timestamp="29 Aug 2019 15:11:55 GMT" skipped="0">
  <testcase classname="com.atmecs.flightbooking.AutomateFlightBooking.FlightBooking" name="AutomateLogin" time="41.419"/>
</testsuite> <!-- com.atmecs.flightbooking.AutomateFlightBooking.FlightBooking -->
